******************** Build Started in development mode at 1463092550636
Hash: [1md7660d4ba837bae1926f[22m
Version: webpack [1m1.13.0[22m
Time: [1m990[22mms
       [1mAsset[22m     [1mSize[22m  [1mChunks[22m  [1m[22m           [1mChunk Names[22m
    [1m[32mbuild.js[39m[22m   976 kB       [1m0[22m  [1m[32m[emitted][39m[22m  main
[1m[32mbuild.js.map[39m[22m  1.12 MB       [1m0[22m  [1m[32m[emitted][39m[22m  main
chunk    {[1m[33m0[39m[22m} [1m[32mbuild.js, build.js.map[39m[22m (main) 902 kB[1m[32m [rendered][39m[22m
    [0] [1mmulti main[22m 40 bytes {[1m[33m0[39m[22m}[1m[32m [built][39m[22m
    [1] [1m(webpack)-hot-middleware/client.js[22m 4.18 kB {[1m[33m0[39m[22m}[1m[32m [built][39m[22m
    [2] [1m(webpack)/buildin/module.js[22m 251 bytes {[1m[33m0[39m[22m}[1m[32m [built][39m[22m
    [3] [1m./~/strip-ansi/index.js[22m 161 bytes {[1m[33m0[39m[22m}[1m[32m [built][39m[22m
    [4] [1m./~/ansi-regex/index.js[22m 135 bytes {[1m[33m0[39m[22m}[1m[32m [built][39m[22m
    [5] [1m(webpack)-hot-middleware/client-overlay.js[22m 1.73 kB {[1m[33m0[39m[22m}[1m[32m [built][39m[22m
    [6] [1m./~/ansi-html/index.js[22m 4.02 kB {[1m[33m0[39m[22m}[1m[32m [built][39m[22m
    [7] [1m./~/html-entities/index.js[22m 231 bytes {[1m[33m0[39m[22m}[1m[32m [built][39m[22m
    [8] [1m./~/html-entities/lib/xml-entities.js[22m 2.98 kB {[1m[33m0[39m[22m}[1m[32m [built][39m[22m
    [9] [1m./~/html-entities/lib/html4-entities.js[22m 6.57 kB {[1m[33m0[39m[22m}[1m[32m [built][39m[22m
   [10] [1m./~/html-entities/lib/html5-entities.js[22m 49 kB {[1m[33m0[39m[22m}[1m[32m [built][39m[22m
   [11] [1m(webpack)-hot-middleware/process-update.js[22m 3.88 kB {[1m[33m0[39m[22m}[1m[32m [built][39m[22m
   [12] [1m./src/app.js[22m 1.1 kB {[1m[33m0[39m[22m}[1m[32m [built][39m[22m
   [13] [1m./src/components/component.js[22m 4.34 kB {[1m[33m0[39m[22m}[1m[32m [built][39m[22m
   [14] [1m./~/redbox-react/lib/index.js[22m 8.28 kB {[1m[33m0[39m[22m}[1m[32m [built][39m[22m
   [15] [1m./~/react/react.js[22m 56 bytes {[1m[33m0[39m[22m}[1m[32m [built][39m[22m
   [16] [1m./~/react/lib/React.js[22m 1.49 kB {[1m[33m0[39m[22m}[1m[32m [built][39m[22m
   [17] [1m./~/react/lib/ReactDOM.js[22m 3.71 kB {[1m[33m0[39m[22m}[1m[32m [built][39m[22m
   [18] [1m./~/process/browser.js[22m 2.12 kB {[1m[33m0[39m[22m}[1m[32m [built][39m[22m
   [19] [1m./~/react/lib/ReactCurrentOwner.js[22m 653 bytes {[1m[33m0[39m[22m}[1m[32m [built][39m[22m
   [20] [1m./~/react/lib/ReactDOMTextComponent.js[22m 4.32 kB {[1m[33m0[39m[22m}[1m[32m [built][39m[22m
   [21] [1m./~/react/lib/DOMChildrenOperations.js[22m 5 kB {[1m[33m0[39m[22m}[1m[32m [built][39m[22m
   [22] [1m./~/react/lib/Danger.js[22m 6.96 kB {[1m[33m0[39m[22m}[1m[32m [built][39m[22m
   [23] [1m./~/fbjs/lib/ExecutionEnvironment.js[22m 1.09 kB {[1m[33m0[39m[22m}[1m[32m [built][39m[22m
   [24] [1m./~/fbjs/lib/createNodesFromMarkup.js[22m 2.71 kB {[1m[33m0[39m[22m}[1m[32m [built][39m[22m
   [25] [1m./~/fbjs/lib/createArrayFromMixed.js[22m 2.36 kB {[1m[33m0[39m[22m}[1m[32m [built][39m[22m
   [26] [1m./~/fbjs/lib/toArray.js[22m 1.98 kB {[1m[33m0[39m[22m}[1m[32m [built][39m[22m
   [27] [1m./~/fbjs/lib/invariant.js[22m 1.51 kB {[1m[33m0[39m[22m}[1m[32m [built][39m[22m
   [28] [1m./~/fbjs/lib/getMarkupWrap.js[22m 3.06 kB {[1m[33m0[39m[22m}[1m[32m [built][39m[22m
   [29] [1m./~/fbjs/lib/emptyFunction.js[22m 1.09 kB {[1m[33m0[39m[22m}[1m[32m [built][39m[22m
   [30] [1m./~/react/lib/ReactMultiChildUpdateTypes.js[22m 861 bytes {[1m[33m0[39m[22m}[1m[32m [built][39m[22m
   [31] [1m./~/fbjs/lib/keyMirror.js[22m 1.27 kB {[1m[33m0[39m[22m}[1m[32m [built][39m[22m
   [32] [1m./~/react/lib/ReactPerf.js[22m 2.51 kB {[1m[33m0[39m[22m}[1m[32m [built][39m[22m
   [33] [1m./~/react/lib/setInnerHTML.js[22m 3.35 kB {[1m[33m0[39m[22m}[1m[32m [built][39m[22m
   [34] [1m./~/react/lib/setTextContent.js[22m 1.2 kB {[1m[33m0[39m[22m}[1m[32m [built][39m[22m
   [35] [1m./~/react/lib/escapeTextContentForBrowser.js[22m 849 bytes {[1m[33m0[39m[22m}[1m[32m [built][39m[22m
   [36] [1m./~/react/lib/DOMPropertyOperations.js[22m 7.88 kB {[1m[33m0[39m[22m}[1m[32m [built][39m[22m
   [37] [1m./~/react/lib/DOMProperty.js[22m 9.57 kB {[1m[33m0[39m[22m}[1m[32m [built][39m[22m
   [38] [1m./~/react/lib/quoteAttributeValueForBrowser.js[22m 746 bytes {[1m[33m0[39m[22m}[1m[32m [built][39m[22m
   [39] [1m./~/fbjs/lib/warning.js[22m 1.77 kB {[1m[33m0[39m[22m}[1m[32m [built][39m[22m
   [40] [1m./~/react/lib/ReactComponentBrowserEnvironment.js[22m 1.26 kB {[1m[33m0[39m[22m}[1m[32m [built][39m[22m
   [41] [1m./~/react/lib/ReactDOMIDOperations.js[22m 3.29 kB {[1m[33m0[39m[22m}[1m[32m [built][39m[22m
   [42] [1m./~/react/lib/ReactMount.js[22m 36.8 kB {[1m[33m0[39m[22m}[1m[32m [built][39m[22m
   [43] [1m./~/react/lib/ReactBrowserEventEmitter.js[22m 12.4 kB {[1m[33m0[39m[22m}[1m[32m [built][39m[22m
   [44] [1m./~/react/lib/EventConstants.js[22m 2.04 kB {[1m[33m0[39m[22m}[1m[32m [built][39m[22m
   [45] [1m./~/react/lib/EventPluginHub.js[22m 9.22 kB {[1m[33m0[39m[22m}[1m[32m [built][39m[22m
   [46] [1m./~/react/lib/EventPluginRegistry.js[22m 8.41 kB {[1m[33m0[39m[22m}[1m[32m [built][39m[22m
   [47] [1m./~/react/lib/EventPluginUtils.js[22m 6.79 kB {[1m[33m0[39m[22m}[1m[32m [built][39m[22m
   [48] [1m./~/react/lib/ReactErrorUtils.js[22m 2.27 kB {[1m[33m0[39m[22m}[1m[32m [built][39m[22m
   [49] [1m./~/react/lib/accumulateInto.js[22m 1.74 kB {[1m[33m0[39m[22m}[1m[32m [built][39m[22m
   [50] [1m./~/react/lib/forEachAccumulated.js[22m 893 bytes {[1m[33m0[39m[22m}[1m[32m [built][39m[22m
   [51] [1m./~/react/lib/ReactEventEmitterMixin.js[22m 1.3 kB {[1m[33m0[39m[22m}[1m[32m [built][39m[22m
   [52] [1m./~/react/lib/ViewportMetrics.js[22m 638 bytes {[1m[33m0[39m[22m}[1m[32m [built][39m[22m
   [53] [1m./~/react/lib/Object.assign.js[22m 1.26 kB {[1m[33m0[39m[22m}[1m[32m [built][39m[22m
   [54] [1m./~/react/lib/isEventSupported.js[22m 1.97 kB {[1m[33m0[39m[22m}[1m[32m [built][39m[22m
   [55] [1m./~/react/lib/ReactDOMFeatureFlags.js[22m 458 bytes {[1m[33m0[39m[22m}[1m[32m [built][39m[22m
   [56] [1m./~/react/lib/ReactElement.js[22m 8.07 kB {[1m[33m0[39m[22m}[1m[32m [built][39m[22m
   [57] [1m./~/react/lib/canDefineProperty.js[22m 629 bytes {[1m[33m0[39m[22m}[1m[32m [built][39m[22m
   [58] [1m./~/react/lib/ReactEmptyComponentRegistry.js[22m 1.38 kB {[1m[33m0[39m[22m}[1m[32m [built][39m[22m
   [59] [1m./~/react/lib/ReactInstanceHandles.js[22m 10.6 kB {[1m[33m0[39m[22m}[1m[32m [built][39m[22m
   [60] [1m./~/react/lib/ReactRootIndex.js[22m 723 bytes {[1m[33m0[39m[22m}[1m[32m [built][39m[22m
   [61] [1m./~/react/lib/ReactInstanceMap.js[22m 1.25 kB {[1m[33m0[39m[22m}[1m[32m [built][39m[22m
   [62] [1m./~/react/lib/ReactMarkupChecksum.js[22m 1.39 kB {[1m[33m0[39m[22m}[1m[32m [built][39m[22m
   [63] [1m./~/react/lib/adler32.js[22m 1.2 kB {[1m[33m0[39m[22m}[1m[32m [built][39m[22m
   [64] [1m./~/react/lib/ReactReconciler.js[22m 3.55 kB {[1m[33m0[39m[22m}[1m[32m [built][39m[22m
   [65] [1m./~/react/lib/ReactRef.js[22m 2.34 kB {[1m[33m0[39m[22m}[1m[32m [built][39m[22m
   [66] [1m./~/react/lib/ReactOwner.js[22m 3.45 kB {[1m[33m0[39m[22m}[1m[32m [built][39m[22m
   [67] [1m./~/react/lib/ReactUpdateQueue.js[22m 10.9 kB {[1m[33m0[39m[22m}[1m[32m [built][39m[22m
   [68] [1m./~/react/lib/ReactUpdates.js[22m 8.54 kB {[1m[33m0[39m[22m}[1m[32m [built][39m[22m
   [69] [1m./~/react/lib/CallbackQueue.js[22m 2.44 kB {[1m[33m0[39m[22m}[1m[32m [built][39m[22m
   [70] [1m./~/react/lib/PooledClass.js[22m 3.55 kB {[1m[33m0[39m[22m}[1m[32m [built][39m[22m
   [71] [1m./~/react/lib/Transaction.js[22m 9.55 kB {[1m[33m0[39m[22m}[1m[32m [built][39m[22m
   [72] [1m./~/fbjs/lib/emptyObject.js[22m 482 bytes {[1m[33m0[39m[22m}[1m[32m [built][39m[22m
   [73] [1m./~/fbjs/lib/containsNode.js[22m 1.43 kB {[1m[33m0[39m[22m}[1m[32m [built][39m[22m
   [74] [1m./~/fbjs/lib/isTextNode.js[22m 628 bytes {[1m[33m0[39m[22m}[1m[32m [built][39m[22m
   [75] [1m./~/fbjs/lib/isNode.js[22m 712 bytes {[1m[33m0[39m[22m}[1m[32m [built][39m[22m
   [76] [1m./~/react/lib/instantiateReactComponent.js[22m 4.52 kB {[1m[33m0[39m[22m}[1m[32m [built][39m[22m
   [77] [1m./~/react/lib/ReactCompositeComponent.js[22m 27.5 kB {[1m[33m0[39m[22m}[1m[32m [built][39m[22m
   [78] [1m./~/react/lib/ReactComponentEnvironment.js[22m 1.67 kB {[1m[33m0[39m[22m}[1m[32m [built][39m[22m
   [79] [1m./~/react/lib/ReactPropTypeLocations.js[22m 549 bytes {[1m[33m0[39m[22m}[1m[32m [built][39m[22m
   [80] [1m./~/react/lib/ReactPropTypeLocationNames.js[22m 611 bytes {[1m[33m0[39m[22m}[1m[32m [built][39m[22m
   [81] [1m./~/react/lib/shouldUpdateReactComponent.js[22m 1.49 kB {[1m[33m0[39m[22m}[1m[32m [built][39m[22m
   [82] [1m./~/react/lib/ReactEmptyComponent.js[22m 1.8 kB {[1m[33m0[39m[22m}[1m[32m [built][39m[22m
   [83] [1m./~/react/lib/ReactNativeComponent.js[22m 3.02 kB {[1m[33m0[39m[22m}[1m[32m [built][39m[22m
   [84] [1m./~/react/lib/validateDOMNesting.js[22m 13.1 kB {[1m[33m0[39m[22m}[1m[32m [built][39m[22m
   [85] [1m./~/react/lib/ReactDefaultInjection.js[22m 3.99 kB {[1m[33m0[39m[22m}[1m[32m [built][39m[22m
   [86] [1m./~/react/lib/BeforeInputEventPlugin.js[22m 14.9 kB {[1m[33m0[39m[22m}[1m[32m [built][39m[22m
   [87] [1m./~/react/lib/EventPropagators.js[22m 5.22 kB {[1m[33m0[39m[22m}[1m[32m [built][39m[22m
   [88] [1m./~/react/lib/FallbackCompositionState.js[22m 2.49 kB {[1m[33m0[39m[22m}[1m[32m [built][39m[22m
   [89] [1m./~/react/lib/getTextContentAccessor.js[22m 994 bytes {[1m[33m0[39m[22m}[1m[32m [built][39m[22m
   [90] [1m./~/react/lib/SyntheticCompositionEvent.js[22m 1.16 kB {[1m[33m0[39m[22m}[1m[32m [built][39m[22m
   [91] [1m./~/react/lib/SyntheticEvent.js[22m 5.79 kB {[1m[33m0[39m[22m}[1m[32m [built][39m[22m
   [92] [1m./~/react/lib/SyntheticInputEvent.js[22m 1.15 kB {[1m[33m0[39m[22m}[1m[32m [built][39m[22m
   [93] [1m./~/fbjs/lib/keyOf.js[22m 1.11 kB {[1m[33m0[39m[22m}[1m[32m [built][39m[22m
   [94] [1m./~/react/lib/ChangeEventPlugin.js[22m 11.5 kB {[1m[33m0[39m[22m}[1m[32m [built][39m[22m
   [95] [1m./~/react/lib/getEventTarget.js[22m 930 bytes {[1m[33m0[39m[22m}[1m[32m [built][39m[22m
   [96] [1m./~/react/lib/isTextInputElement.js[22m 1.03 kB {[1m[33m0[39m[22m}[1m[32m [built][39m[22m
   [97] [1m./~/react/lib/ClientReactRootIndex.js[22m 551 bytes {[1m[33m0[39m[22m}[1m[32m [built][39m[22m
   [98] [1m./~/react/lib/DefaultEventPluginOrder.js[22m 1.26 kB {[1m[33m0[39m[22m}[1m[32m [built][39m[22m
   [99] [1m./~/react/lib/EnterLeaveEventPlugin.js[22m 3.9 kB {[1m[33m0[39m[22m}[1m[32m [built][39m[22m
  [100] [1m./~/react/lib/SyntheticMouseEvent.js[22m 2.2 kB {[1m[33m0[39m[22m}[1m[32m [built][39m[22m
  [101] [1m./~/react/lib/SyntheticUIEvent.js[22m 1.64 kB {[1m[33m0[39m[22m}[1m[32m [built][39m[22m
  [102] [1m./~/react/lib/getEventModifierState.js[22m 1.3 kB {[1m[33m0[39m[22m}[1m[32m [built][39m[22m
  [103] [1m./~/react/lib/HTMLDOMPropertyConfig.js[22m 7.63 kB {[1m[33m0[39m[22m}[1m[32m [built][39m[22m
  [104] [1m./~/react/lib/ReactBrowserComponentMixin.js[22m 1.15 kB {[1m[33m0[39m[22m}[1m[32m [built][39m[22m
  [105] [1m./~/react/lib/findDOMNode.js[22m 2.17 kB {[1m[33m0[39m[22m}[1m[32m [built][39m[22m
  [106] [1m./~/react/lib/ReactDefaultBatchingStrategy.js[22m 1.92 kB {[1m[33m0[39m[22m}[1m[32m [built][39m[22m
  [107] [1m./~/react/lib/ReactDOMComponent.js[22m 36.9 kB {[1m[33m0[39m[22m}[1m[32m [built][39m[22m
  [108] [1m./~/react/lib/AutoFocusUtils.js[22m 816 bytes {[1m[33m0[39m[22m}[1m[32m [built][39m[22m
  [109] [1m./~/fbjs/lib/focusNode.js[22m 725 bytes {[1m[33m0[39m[22m}[1m[32m [built][39m[22m
  [110] [1m./~/react/lib/CSSPropertyOperations.js[22m 5.71 kB {[1m[33m0[39m[22m}[1m[32m [built][39m[22m
  [111] [1m./~/react/lib/CSSProperty.js[22m 3.5 kB {[1m[33m0[39m[22m}[1m[32m [built][39m[22m
  [112] [1m./~/fbjs/lib/camelizeStyleName.js[22m 1.03 kB {[1m[33m0[39m[22m}[1m[32m [built][39m[22m
  [113] [1m./~/fbjs/lib/camelize.js[22m 729 bytes {[1m[33m0[39m[22m}[1m[32m [built][39m[22m
  [114] [1m./~/react/lib/dangerousStyleValue.js[22m 1.93 kB {[1m[33m0[39m[22m}[1m[32m [built][39m[22m
  [115] [1m./~/fbjs/lib/hyphenateStyleName.js[22m 1 kB {[1m[33m0[39m[22m}[1m[32m [built][39m[22m
  [116] [1m./~/fbjs/lib/hyphenate.js[22m 822 bytes {[1m[33m0[39m[22m}[1m[32m [built][39m[22m
  [117] [1m./~/fbjs/lib/memoizeStringOnly.js[22m 778 bytes {[1m[33m0[39m[22m}[1m[32m [built][39m[22m
  [118] [1m./~/react/lib/ReactDOMButton.js[22m 1.15 kB {[1m[33m0[39m[22m}[1m[32m [built][39m[22m
  [119] [1m./~/react/lib/ReactDOMInput.js[22m 5.74 kB {[1m[33m0[39m[22m}[1m[32m [built][39m[22m
  [120] [1m./~/react/lib/LinkedValueUtils.js[22m 5.18 kB {[1m[33m0[39m[22m}[1m[32m [built][39m[22m
  [121] [1m./~/react/lib/ReactPropTypes.js[22m 12.3 kB {[1m[33m0[39m[22m}[1m[32m [built][39m[22m
  [122] [1m./~/react/lib/getIteratorFn.js[22m 1.17 kB {[1m[33m0[39m[22m}[1m[32m [built][39m[22m
  [123] [1m./~/react/lib/ReactDOMOption.js[22m 2.82 kB {[1m[33m0[39m[22m}[1m[32m [built][39m[22m
  [124] [1m./~/react/lib/ReactChildren.js[22m 5.83 kB {[1m[33m0[39m[22m}[1m[32m [built][39m[22m
  [125] [1m./~/react/lib/traverseAllChildren.js[22m 6.9 kB {[1m[33m0[39m[22m}[1m[32m [built][39m[22m
  [126] [1m./~/react/lib/ReactDOMSelect.js[22m 6.11 kB {[1m[33m0[39m[22m}[1m[32m [built][39m[22m
  [127] [1m./~/react/lib/ReactDOMTextarea.js[22m 4.35 kB {[1m[33m0[39m[22m}[1m[32m [built][39m[22m
  [128] [1m./~/react/lib/ReactMultiChild.js[22m 14.7 kB {[1m[33m0[39m[22m}[1m[32m [built][39m[22m
  [129] [1m./~/react/lib/ReactChildReconciler.js[22m 4.52 kB {[1m[33m0[39m[22m}[1m[32m [built][39m[22m
  [130] [1m./~/react/lib/flattenChildren.js[22m 1.65 kB {[1m[33m0[39m[22m}[1m[32m [built][39m[22m
  [131] [1m./~/fbjs/lib/shallowEqual.js[22m 1.28 kB {[1m[33m0[39m[22m}[1m[32m [built][39m[22m
  [132] [1m./~/react/lib/ReactEventListener.js[22m 7.51 kB {[1m[33m0[39m[22m}[1m[32m [built][39m[22m
  [133] [1m./~/fbjs/lib/EventListener.js[22m 2.65 kB {[1m[33m0[39m[22m}[1m[32m [built][39m[22m
  [134] [1m./~/fbjs/lib/getUnboundedScrollPosition.js[22m 1.09 kB {[1m[33m0[39m[22m}[1m[32m [built][39m[22m
  [135] [1m./~/react/lib/ReactInjection.js[22m 1.37 kB {[1m[33m0[39m[22m}[1m[32m [built][39m[22m
  [136] [1m./~/react/lib/ReactClass.js[22m 27.8 kB {[1m[33m0[39m[22m}[1m[32m [built][39m[22m
  [137] [1m./~/react/lib/ReactComponent.js[22m 5.04 kB {[1m[33m0[39m[22m}[1m[32m [built][39m[22m
  [138] [1m./~/react/lib/ReactNoopUpdateQueue.js[22m 3.94 kB {[1m[33m0[39m[22m}[1m[32m [built][39m[22m
  [139] [1m./~/react/lib/ReactReconcileTransaction.js[22m 4.58 kB {[1m[33m0[39m[22m}[1m[32m [built][39m[22m
  [140] [1m./~/react/lib/ReactInputSelection.js[22m 4.32 kB {[1m[33m0[39m[22m}[1m[32m [built][39m[22m
  [141] [1m./~/react/lib/ReactDOMSelection.js[22m 6.83 kB {[1m[33m0[39m[22m}[1m[32m [built][39m[22m
  [142] [1m./~/react/lib/getNodeForCharacterOffset.js[22m 1.66 kB {[1m[33m0[39m[22m}[1m[32m [built][39m[22m
  [143] [1m./~/fbjs/lib/getActiveElement.js[22m 924 bytes {[1m[33m0[39m[22m}[1m[32m [built][39m[22m
  [144] [1m./~/react/lib/SelectEventPlugin.js[22m 6.71 kB {[1m[33m0[39m[22m}[1m[32m [built][39m[22m
  [145] [1m./~/react/lib/ServerReactRootIndex.js[22m 868 bytes {[1m[33m0[39m[22m}[1m[32m [built][39m[22m
  [146] [1m./~/react/lib/SimpleEventPlugin.js[22m 17.4 kB {[1m[33m0[39m[22m}[1m[32m [built][39m[22m
  [147] [1m./~/react/lib/SyntheticClipboardEvent.js[22m 1.23 kB {[1m[33m0[39m[22m}[1m[32m [built][39m[22m
  [148] [1m./~/react/lib/SyntheticFocusEvent.js[22m 1.12 kB {[1m[33m0[39m[22m}[1m[32m [built][39m[22m
  [149] [1m./~/react/lib/SyntheticKeyboardEvent.js[22m 2.76 kB {[1m[33m0[39m[22m}[1m[32m [built][39m[22m
  [150] [1m./~/react/lib/getEventCharCode.js[22m 1.56 kB {[1m[33m0[39m[22m}[1m[32m [built][39m[22m
  [151] [1m./~/react/lib/getEventKey.js[22m 2.93 kB {[1m[33m0[39m[22m}[1m[32m [built][39m[22m
  [152] [1m./~/react/lib/SyntheticDragEvent.js[22m 1.13 kB {[1m[33m0[39m[22m}[1m[32m [built][39m[22m
  [153] [1m./~/react/lib/SyntheticTouchEvent.js[22m 1.33 kB {[1m[33m0[39m[22m}[1m[32m [built][39m[22m
  [154] [1m./~/react/lib/SyntheticWheelEvent.js[22m 1.99 kB {[1m[33m0[39m[22m}[1m[32m [built][39m[22m
  [155] [1m./~/react/lib/SVGDOMPropertyConfig.js[22m 3.8 kB {[1m[33m0[39m[22m}[1m[32m [built][39m[22m
  [156] [1m./~/react/lib/ReactDefaultPerf.js[22m 8.63 kB {[1m[33m0[39m[22m}[1m[32m [built][39m[22m
  [157] [1m./~/react/lib/ReactDefaultPerfAnalysis.js[22m 5.79 kB {[1m[33m0[39m[22m}[1m[32m [built][39m[22m
  [158] [1m./~/fbjs/lib/performanceNow.js[22m 844 bytes {[1m[33m0[39m[22m}[1m[32m [built][39m[22m
  [159] [1m./~/fbjs/lib/performance.js[22m 612 bytes {[1m[33m0[39m[22m}[1m[32m [built][39m[22m
  [160] [1m./~/react/lib/ReactVersion.js[22m 379 bytes {[1m[33m0[39m[22m}[1m[32m [built][39m[22m
  [161] [1m./~/react/lib/renderSubtreeIntoContainer.js[22m 463 bytes {[1m[33m0[39m[22m}[1m[32m [built][39m[22m
  [162] [1m./~/react/lib/ReactDOMServer.js[22m 766 bytes {[1m[33m0[39m[22m}[1m[32m [built][39m[22m
  [163] [1m./~/react/lib/ReactServerRendering.js[22m 3.3 kB {[1m[33m0[39m[22m}[1m[32m [built][39m[22m
  [164] [1m./~/react/lib/ReactServerBatchingStrategy.js[22m 673 bytes {[1m[33m0[39m[22m}[1m[32m [built][39m[22m
  [165] [1m./~/react/lib/ReactServerRenderingTransaction.js[22m 2.3 kB {[1m[33m0[39m[22m}[1m[32m [built][39m[22m
  [166] [1m./~/react/lib/ReactIsomorphic.js[22m 2.05 kB {[1m[33m0[39m[22m}[1m[32m [built][39m[22m
  [167] [1m./~/react/lib/ReactDOMFactories.js[22m 3.36 kB {[1m[33m0[39m[22m}[1m[32m [built][39m[22m
  [168] [1m./~/react/lib/ReactElementValidator.js[22m 10.8 kB {[1m[33m0[39m[22m}[1m[32m [built][39m[22m
  [169] [1m./~/fbjs/lib/mapObject.js[22m 1.47 kB {[1m[33m0[39m[22m}[1m[32m [built][39m[22m
  [170] [1m./~/react/lib/onlyChild.js[22m 1.21 kB {[1m[33m0[39m[22m}[1m[32m [built][39m[22m
  [171] [1m./~/react/lib/deprecated.js[22m 1.77 kB {[1m[33m0[39m[22m}[1m[32m [built][39m[22m
  [172] [1m./~/redbox-react/lib/style.js[22m 2.29 kB {[1m[33m0[39m[22m}[1m[32m [built][39m[22m
  [173] [1m./~/error-stack-parser/error-stack-parser.js[22m 8.76 kB {[1m[33m0[39m[22m}[1m[32m [built][39m[22m
  [174] [1m./~/stackframe/stackframe.js[22m 3.48 kB {[1m[33m0[39m[22m}[1m[32m [built][39m[22m
  [175] [1m./~/redbox-react/~/object-assign/index.js[22m 1.99 kB {[1m[33m0[39m[22m}[1m[32m [built][39m[22m
  [176] [1m./~/redbox-react/lib/lib.js[22m 4.66 kB {[1m[33m0[39m[22m}[1m[32m [built][39m[22m
  [177] [1m./~/react-transform-catch-errors/lib/index.js[22m 2.68 kB {[1m[33m0[39m[22m}[1m[32m [built][39m[22m
  [178] [1m./~/react-transform-hmr/lib/index.js[22m 3.69 kB {[1m[33m0[39m[22m}[1m[32m [built][39m[22m
  [179] [1m./~/react-proxy/modules/index.js[22m 1.06 kB {[1m[33m0[39m[22m}[1m[32m [built][39m[22m
  [180] [1m./~/react-proxy/modules/supportsProtoAssignment.js[22m 275 bytes {[1m[33m0[39m[22m}[1m[32m [built][39m[22m
  [181] [1m./~/react-proxy/modules/createClassProxy.js[22m 8.09 kB {[1m[33m0[39m[22m}[1m[32m [built][39m[22m
  [182] [1m./~/lodash/find.js[22m 1.64 kB {[1m[33m0[39m[22m}[1m[32m [built][39m[22m
  [183] [1m./~/lodash/_baseEach.js[22m 455 bytes {[1m[33m0[39m[22m}[1m[32m [built][39m[22m
  [184] [1m./~/lodash/_baseForOwn.js[22m 456 bytes {[1m[33m0[39m[22m}[1m[32m [built][39m[22m
  [185] [1m./~/lodash/_baseFor.js[22m 593 bytes {[1m[33m0[39m[22m}[1m[32m [built][39m[22m
  [186] [1m./~/lodash/_createBaseFor.js[22m 648 bytes {[1m[33m0[39m[22m}[1m[32m [built][39m[22m
  [187] [1m./~/lodash/keys.js[22m 1.39 kB {[1m[33m0[39m[22m}[1m[32m [built][39m[22m
  [188] [1m./~/lodash/_baseHas.js[22m 857 bytes {[1m[33m0[39m[22m}[1m[32m [built][39m[22m
  [189] [1m./~/lodash/_getPrototype.js[22m 405 bytes {[1m[33m0[39m[22m}[1m[32m [built][39m[22m
  [190] [1m./~/lodash/_baseKeys.js[22m 475 bytes {[1m[33m0[39m[22m}[1m[32m [built][39m[22m
  [191] [1m./~/lodash/_indexKeys.js[22m 722 bytes {[1m[33m0[39m[22m}[1m[32m [built][39m[22m
  [192] [1m./~/lodash/_baseTimes.js[22m 504 bytes {[1m[33m0[39m[22m}[1m[32m [built][39m[22m
  [193] [1m./~/lodash/isArguments.js[22m 1.29 kB {[1m[33m0[39m[22m}[1m[32m [built][39m[22m
  [194] [1m./~/lodash/isArrayLikeObject.js[22m 742 bytes {[1m[33m0[39m[22m}[1m[32m [built][39m[22m
  [195] [1m./~/lodash/isArrayLike.js[22m 875 bytes {[1m[33m0[39m[22m}[1m[32m [built][39m[22m
  [196] [1m./~/lodash/_getLength.js[22m 444 bytes {[1m[33m0[39m[22m}[1m[32m [built][39m[22m
  [197] [1m./~/lodash/_baseProperty.js[22m 360 bytes {[1m[33m0[39m[22m}[1m[32m [built][39m[22m
  [198] [1m./~/lodash/isFunction.js[22m 1.18 kB {[1m[33m0[39m[22m}[1m[32m [built][39m[22m
  [199] [1m./~/lodash/isObject.js[22m 727 bytes {[1m[33m0[39m[22m}[1m[32m [built][39m[22m
  [200] [1m./~/lodash/isLength.js[22m 808 bytes {[1m[33m0[39m[22m}[1m[32m [built][39m[22m
  [201] [1m./~/lodash/isObjectLike.js[22m 608 bytes {[1m[33m0[39m[22m}[1m[32m [built][39m[22m
  [202] [1m./~/lodash/isArray.js[22m 524 bytes {[1m[33m0[39m[22m}[1m[32m [built][39m[22m
  [203] [1m./~/lodash/isString.js[22m 969 bytes {[1m[33m0[39m[22m}[1m[32m [built][39m[22m
  [204] [1m./~/lodash/_isIndex.js[22m 707 bytes {[1m[33m0[39m[22m}[1m[32m [built][39m[22m
  [205] [1m./~/lodash/_isPrototype.js[22m 480 bytes {[1m[33m0[39m[22m}[1m[32m [built][39m[22m
  [206] [1m./~/lodash/_createBaseEach.js[22m 886 bytes {[1m[33m0[39m[22m}[1m[32m [built][39m[22m
  [207] [1m./~/lodash/_baseFind.js[22m 869 bytes {[1m[33m0[39m[22m}[1m[32m [built][39m[22m
  [208] [1m./~/lodash/_baseFindIndex.js[22m 690 bytes {[1m[33m0[39m[22m}[1m[32m [built][39m[22m
  [209] [1m./~/lodash/_baseIteratee.js[22m 895 bytes {[1m[33m0[39m[22m}[1m[32m [built][39m[22m
  [210] [1m./~/lodash/_baseMatches.js[22m 710 bytes {[1m[33m0[39m[22m}[1m[32m [built][39m[22m
  [211] [1m./~/lodash/_baseIsMatch.js[22m 1.76 kB {[1m[33m0[39m[22m}[1m[32m [built][39m[22m
  [212] [1m./~/lodash/_Stack.js[22m 698 bytes {[1m[33m0[39m[22m}[1m[32m [built][39m[22m
  [213] [1m./~/lodash/_ListCache.js[22m 861 bytes {[1m[33m0[39m[22m}[1m[32m [built][39m[22m
  [214] [1m./~/lodash/_listCacheClear.js[22m 201 bytes {[1m[33m0[39m[22m}[1m[32m [built][39m[22m
  [215] [1m./~/lodash/_listCacheDelete.js[22m 760 bytes {[1m[33m0[39m[22m}[1m[32m [built][39m[22m
  [216] [1m./~/lodash/_assocIndexOf.js[22m 486 bytes {[1m[33m0[39m[22m}[1m[32m [built][39m[22m
  [217] [1m./~/lodash/eq.js[22m 815 bytes {[1m[33m0[39m[22m}[1m[32m [built][39m[22m
  [218] [1m./~/lodash/_listCacheGet.js[22m 420 bytes {[1m[33m0[39m[22m}[1m[32m [built][39m[22m
  [219] [1m./~/lodash/_listCacheHas.js[22m 403 bytes {[1m[33m0[39m[22m}[1m[32m [built][39m[22m
  [220] [1m./~/lodash/_listCacheSet.js[22m 536 bytes {[1m[33m0[39m[22m}[1m[32m [built][39m[22m
  [221] [1m./~/lodash/_stackClear.js[22m 237 bytes {[1m[33m0[39m[22m}[1m[32m [built][39m[22m
  [222] [1m./~/lodash/_stackDelete.js[22m 337 bytes {[1m[33m0[39m[22m}[1m[32m [built][39m[22m
  [223] [1m./~/lodash/_stackGet.js[22m 271 bytes {[1m[33m0[39m[22m}[1m[32m [built][39m[22m
  [224] [1m./~/lodash/_stackHas.js[22m 323 bytes {[1m[33m0[39m[22m}[1m[32m [built][39m[22m
  [225] [1m./~/lodash/_stackSet.js[22m 681 bytes {[1m[33m0[39m[22m}[1m[32m [built][39m[22m
  [226] [1m./~/lodash/_MapCache.js[22m 861 bytes {[1m[33m0[39m[22m}[1m[32m [built][39m[22m
  [227] [1m./~/lodash/_mapCacheClear.js[22m 376 bytes {[1m[33m0[39m[22m}[1m[32m [built][39m[22m
  [228] [1m./~/lodash/_Hash.js[22m 739 bytes {[1m[33m0[39m[22m}[1m[32m [built][39m[22m
  [229] [1m./~/lodash/_hashClear.js[22m 264 bytes {[1m[33m0[39m[22m}[1m[32m [built][39m[22m
  [230] [1m./~/lodash/_nativeCreate.js[22m 187 bytes {[1m[33m0[39m[22m}[1m[32m [built][39m[22m
  [231] [1m./~/lodash/_getNative.js[22m 421 bytes {[1m[33m0[39m[22m}[1m[32m [built][39m[22m
  [232] [1m./~/lodash/isNative.js[22m 1.52 kB {[1m[33m0[39m[22m}[1m[32m [built][39m[22m
  [233] [1m./~/lodash/_isHostObject.js[22m 552 bytes {[1m[33m0[39m[22m}[1m[32m [built][39m[22m
  [234] [1m./~/lodash/_toSource.js[22m 484 bytes {[1m[33m0[39m[22m}[1m[32m [built][39m[22m
  [235] [1m./~/lodash/_hashDelete.js[22m 391 bytes {[1m[33m0[39m[22m}[1m[32m [built][39m[22m
  [236] [1m./~/lodash/_hashGet.js[22m 772 bytes {[1m[33m0[39m[22m}[1m[32m [built][39m[22m
  [237] [1m./~/lodash/_hashHas.js[22m 624 bytes {[1m[33m0[39m[22m}[1m[32m [built][39m[22m
  [238] [1m./~/lodash/_hashSet.js[22m 560 bytes {[1m[33m0[39m[22m}[1m[32m [built][39m[22m
  [239] [1m./~/lodash/_Map.js[22m 195 bytes {[1m[33m0[39m[22m}[1m[32m [built][39m[22m
  [240] [1m./~/lodash/_root.js[22m 1.31 kB {[1m[33m0[39m[22m}[1m[32m [built][39m[22m
  [241] [1m./~/lodash/_checkGlobal.js[22m 307 bytes {[1m[33m0[39m[22m}[1m[32m [built][39m[22m
  [242] [1m./~/lodash/_mapCacheDelete.js[22m 396 bytes {[1m[33m0[39m[22m}[1m[32m [built][39m[22m
  [243] [1m./~/lodash/_getMapData.js[22m 400 bytes {[1m[33m0[39m[22m}[1m[32m [built][39m[22m
  [244] [1m./~/lodash/_isKeyable.js[22m 430 bytes {[1m[33m0[39m[22m}[1m[32m [built][39m[22m
  [245] [1m./~/lodash/_mapCacheGet.js[22m 330 bytes {[1m[33m0[39m[22m}[1m[32m [built][39m[22m
  [246] [1m./~/lodash/_mapCacheHas.js[22m 382 bytes {[1m[33m0[39m[22m}[1m[32m [built][39m[22m
  [247] [1m./~/lodash/_mapCacheSet.js[22m 403 bytes {[1m[33m0[39m[22m}[1m[32m [built][39m[22m
  [248] [1m./~/lodash/_baseIsEqual.js[22m 1.13 kB {[1m[33m0[39m[22m}[1m[32m [built][39m[22m
  [249] [1m./~/lodash/_baseIsEqualDeep.js[22m 3 kB {[1m[33m0[39m[22m}[1m[32m [built][39m[22m
  [250] [1m./~/lodash/_equalArrays.js[22m 2.49 kB {[1m[33m0[39m[22m}[1m[32m [built][39m[22m
  [251] [1m./~/lodash/_SetCache.js[22m 624 bytes {[1m[33m0[39m[22m}[1m[32m [built][39m[22m
  [252] [1m./~/lodash/_setCacheAdd.js[22m 424 bytes {[1m[33m0[39m[22m}[1m[32m [built][39m[22m
  [253] [1m./~/lodash/_setCacheHas.js[22m 316 bytes {[1m[33m0[39m[22m}[1m[32m [built][39m[22m
  [254] [1m./~/lodash/_arraySome.js[22m 572 bytes {[1m[33m0[39m[22m}[1m[32m [built][39m[22m
  [255] [1m./~/lodash/_equalByTag.js[22m 3.85 kB {[1m[33m0[39m[22m}[1m[32m [built][39m[22m
  [256] [1m./~/lodash/_Symbol.js[22m 118 bytes {[1m[33m0[39m[22m}[1m[32m [built][39m[22m
  [257] [1m./~/lodash/_Uint8Array.js[22m 130 bytes {[1m[33m0[39m[22m}[1m[32m [built][39m[22m
  [258] [1m./~/lodash/_mapToArray.js[22m 363 bytes {[1m[33m0[39m[22m}[1m[32m [built][39m[22m
  [259] [1m./~/lodash/_setToArray.js[22m 345 bytes {[1m[33m0[39m[22m}[1m[32m [built][39m[22m
  [260] [1m./~/lodash/_equalObjects.js[22m 2.67 kB {[1m[33m0[39m[22m}[1m[32m [built][39m[22m
  [261] [1m./~/lodash/_getTag.js[22m 2.14 kB {[1m[33m0[39m[22m}[1m[32m [built][39m[22m
  [262] [1m./~/lodash/_DataView.js[22m 210 bytes {[1m[33m0[39m[22m}[1m[32m [built][39m[22m
  [263] [1m./~/lodash/_Promise.js[22m 207 bytes {[1m[33m0[39m[22m}[1m[32m [built][39m[22m
  [264] [1m./~/lodash/_Set.js[22m 195 bytes {[1m[33m0[39m[22m}[1m[32m [built][39m[22m
  [265] [1m./~/lodash/_WeakMap.js[22m 207 bytes {[1m[33m0[39m[22m}[1m[32m [built][39m[22m
  [266] [1m./~/lodash/isTypedArray.js[22m 2.58 kB {[1m[33m0[39m[22m}[1m[32m [built][39m[22m
  [267] [1m./~/lodash/_getMatchData.js[22m 523 bytes {[1m[33m0[39m[22m}[1m[32m [built][39m[22m
  [268] [1m./~/lodash/_isStrictComparable.js[22m 414 bytes {[1m[33m0[39m[22m}[1m[32m [built][39m[22m
  [269] [1m./~/lodash/toPairs.js[22m 699 bytes {[1m[33m0[39m[22m}[1m[32m [built][39m[22m
  [270] [1m./~/lodash/_createToPairs.js[22m 789 bytes {[1m[33m0[39m[22m}[1m[32m [built][39m[22m
  [271] [1m./~/lodash/_baseToPairs.js[22m 537 bytes {[1m[33m0[39m[22m}[1m[32m [built][39m[22m
  [272] [1m./~/lodash/_arrayMap.js[22m 534 bytes {[1m[33m0[39m[22m}[1m[32m [built][39m[22m
  [273] [1m./~/lodash/_setToPairs.js[22m 364 bytes {[1m[33m0[39m[22m}[1m[32m [built][39m[22m
  [274] [1m./~/lodash/_matchesStrictComparable.js[22m 574 bytes {[1m[33m0[39m[22m}[1m[32m [built][39m[22m
  [275] [1m./~/lodash/_baseMatchesProperty.js[22m 1.14 kB {[1m[33m0[39m[22m}[1m[32m [built][39m[22m
  [276] [1m./~/lodash/get.js[22m 880 bytes {[1m[33m0[39m[22m}[1m[32m [built][39m[22m
  [277] [1m./~/lodash/_baseGet.js[22m 672 bytes {[1m[33m0[39m[22m}[1m[32m [built][39m[22m
  [278] [1m./~/lodash/_castPath.js[22m 369 bytes {[1m[33m0[39m[22m}[1m[32m [built][39m[22m
  [279] [1m./~/lodash/_stringToPath.js[22m 764 bytes {[1m[33m0[39m[22m}[1m[32m [built][39m[22m
  [280] [1m./~/lodash/memoize.js[22m 2.24 kB {[1m[33m0[39m[22m}[1m[32m [built][39m[22m
  [281] [1m./~/lodash/toString.js[22m 570 bytes {[1m[33m0[39m[22m}[1m[32m [built][39m[22m
  [282] [1m./~/lodash/_baseToString.js[22m 934 bytes {[1m[33m0[39m[22m}[1m[32m [built][39m[22m
  [283] [1m./~/lodash/isSymbol.js[22m 928 bytes {[1m[33m0[39m[22m}[1m[32m [built][39m[22m
  [284] [1m./~/lodash/_isKey.js[22m 880 bytes {[1m[33m0[39m[22m}[1m[32m [built][39m[22m
  [285] [1m./~/lodash/_toKey.js[22m 523 bytes {[1m[33m0[39m[22m}[1m[32m [built][39m[22m
  [286] [1m./~/lodash/hasIn.js[22m 753 bytes {[1m[33m0[39m[22m}[1m[32m [built][39m[22m
  [287] [1m./~/lodash/_baseHasIn.js[22m 354 bytes {[1m[33m0[39m[22m}[1m[32m [built][39m[22m
  [288] [1m./~/lodash/_hasPath.js[22m 1.17 kB {[1m[33m0[39m[22m}[1m[32m [built][39m[22m
  [289] [1m./~/lodash/identity.js[22m 365 bytes {[1m[33m0[39m[22m}[1m[32m [built][39m[22m
  [290] [1m./~/lodash/property.js[22m 793 bytes {[1m[33m0[39m[22m}[1m[32m [built][39m[22m
  [291] [1m./~/lodash/_basePropertyDeep.js[22m 391 bytes {[1m[33m0[39m[22m}[1m[32m [built][39m[22m
  [292] [1m./~/react-proxy/modules/createPrototypeProxy.js[22m 5.72 kB {[1m[33m0[39m[22m}[1m[32m [built][39m[22m
  [293] [1m./~/lodash/assign.js[22m 1.85 kB {[1m[33m0[39m[22m}[1m[32m [built][39m[22m
  [294] [1m./~/lodash/_assignValue.js[22m 830 bytes {[1m[33m0[39m[22m}[1m[32m [built][39m[22m
  [295] [1m./~/lodash/_copyObject.js[22m 816 bytes {[1m[33m0[39m[22m}[1m[32m [built][39m[22m
  [296] [1m./~/lodash/_createAssigner.js[22m 1.03 kB {[1m[33m0[39m[22m}[1m[32m [built][39m[22m
  [297] [1m./~/lodash/_isIterateeCall.js[22m 877 bytes {[1m[33m0[39m[22m}[1m[32m [built][39m[22m
  [298] [1m./~/lodash/rest.js[22m 1.94 kB {[1m[33m0[39m[22m}[1m[32m [built][39m[22m
  [299] [1m./~/lodash/_apply.js[22m 737 bytes {[1m[33m0[39m[22m}[1m[32m [built][39m[22m
  [300] [1m./~/lodash/toInteger.js[22m 762 bytes {[1m[33m0[39m[22m}[1m[32m [built][39m[22m
  [301] [1m./~/lodash/toFinite.js[22m 868 bytes {[1m[33m0[39m[22m}[1m[32m [built][39m[22m
  [302] [1m./~/lodash/toNumber.js[22m 1.6 kB {[1m[33m0[39m[22m}[1m[32m [built][39m[22m
  [303] [1m./~/lodash/difference.js[22m 1 kB {[1m[33m0[39m[22m}[1m[32m [built][39m[22m
  [304] [1m./~/lodash/_baseDifference.js[22m 1.91 kB {[1m[33m0[39m[22m}[1m[32m [built][39m[22m
  [305] [1m./~/lodash/_arrayIncludes.js[22m 480 bytes {[1m[33m0[39m[22m}[1m[32m [built][39m[22m
  [306] [1m./~/lodash/_baseIndexOf.js[22m 677 bytes {[1m[33m0[39m[22m}[1m[32m [built][39m[22m
  [307] [1m./~/lodash/_indexOfNaN.js[22m 657 bytes {[1m[33m0[39m[22m}[1m[32m [built][39m[22m
  [308] [1m./~/lodash/_arrayIncludesWith.js[22m 592 bytes {[1m[33m0[39m[22m}[1m[32m [built][39m[22m
  [309] [1m./~/lodash/_baseUnary.js[22m 340 bytes {[1m[33m0[39m[22m}[1m[32m [built][39m[22m
  [310] [1m./~/lodash/_cacheHas.js[22m 335 bytes {[1m[33m0[39m[22m}[1m[32m [built][39m[22m
  [311] [1m./~/lodash/_baseFlatten.js[22m 1.2 kB {[1m[33m0[39m[22m}[1m[32m [built][39m[22m
  [312] [1m./~/lodash/_arrayPush.js[22m 437 bytes {[1m[33m0[39m[22m}[1m[32m [built][39m[22m
  [313] [1m./~/lodash/_isFlattenable.js[22m 403 bytes {[1m[33m0[39m[22m}[1m[32m [built][39m[22m
  [314] [1m./~/react-proxy/modules/bindAutoBindMethods.js[22m 3.03 kB {[1m[33m0[39m[22m}[1m[32m [built][39m[22m
  [315] [1m./~/react-proxy/modules/deleteUnknownAutoBindMethods.js[22m 2.63 kB {[1m[33m0[39m[22m}[1m[32m [built][39m[22m
  [316] [1m./~/react-deep-force-update/lib/index.js[22m 1.29 kB {[1m[33m0[39m[22m}[1m[32m [built][39m[22m
  [317] [1m./~/global/window.js[22m 243 bytes {[1m[33m0[39m[22m}[1m[32m [built][39m[22m
  [318] [1m./src/components/screen.js[22m 5.33 kB {[1m[33m0[39m[22m}[1m[32m [built][39m[22m
  [319] [1m./src/components/game.js[22m 8.14 kB {[1m[33m0[39m[22m}[1m[32m [built][39m[22m
  [320] [1m./src/components/image.js[22m 3.46 kB {[1m[33m0[39m[22m}[1m[32m [built][39m[22m
  [321] [1m./src/components/audio.js[22m 3.47 kB {[1m[33m0[39m[22m}[1m[32m [built][39m[22m
  [322] [1m./src/methods/start.js[22m 542 bytes {[1m[33m0[39m[22m}[1m[32m [built][39m[22m
  [323] [1m./~/react-dom/index.js[22m 63 bytes {[1m[33m0[39m[22m}[1m[32m [built][39m[22m